{
  "RSpec": {
    "coverage": {
      "/Users/jaxom555/return-path-api/return-path-api/spec/models/comment_spec.rb": [
        1,
        null,
        1,
        1,
        1,
        null,
        null,
        1,
        1,
        1,
        null,
        null,
        1,
        1,
        null,
        null,
        1,
        1,
        1,
        null,
        null,
        1,
        1,
        1,
        null,
        null,
        1,
        1,
        1,
        null,
        null
      ],
      "/Users/jaxom555/return-path-api/return-path-api/spec/rails_helper.rb": [
        null,
        1,
        1,
        null,
        1,
        1,
        1,
        null,
        null,
        null,
        null,
        null,
        null,
        null,
        null,
        null,
        null,
        null,
        null,
        null,
        null,
        null,
        null,
        null,
        null,
        null,
        1,
        null,
        1,
        null,
        1,
        null,
        null,
        null,
        null,
        1,
        null,
        null,
        null,
        null,
        null,
        null,
        null,
        null,
        null,
        null,
        null,
        null,
        null,
        null,
        1,
        null,
        null,
        1,
        null,
        null,
        null
      ],
      "/Users/jaxom555/return-path-api/return-path-api/config/environment.rb": [
        null,
        1,
        null,
        null,
        1
      ],
      "/Users/jaxom555/return-path-api/return-path-api/config/application.rb": [
        1,
        null,
        1,
        null,
        null,
        null,
        1,
        null,
        1,
        1,
        null,
        null,
        null,
        null,
        null
      ],
      "/Users/jaxom555/return-path-api/return-path-api/config/boot.rb": [
        1,
        null,
        1
      ],
      "/Users/jaxom555/return-path-api/return-path-api/config/spring.rb": [
        null,
        null,
        null,
        null,
        null,
        5
      ],
      "/Users/jaxom555/return-path-api/return-path-api/config/environments/test.rb": [
        1,
        null,
        null,
        null,
        null,
        null,
        null,
        1,
        null,
        null,
        null,
        null,
        1,
        null,
        null,
        1,
        1,
        null,
        null,
        null,
        null,
        1,
        1,
        null,
        null,
        1,
        null,
        null,
        1,
        1,
        null,
        null,
        null,
        null,
        1,
        null,
        null,
        1,
        null,
        null,
        null,
        null
      ],
      "/Users/jaxom555/return-path-api/return-path-api/config/initializers/application_controller_renderer.rb": [
        null,
        null,
        null,
        null,
        null,
        null
      ],
      "/Users/jaxom555/return-path-api/return-path-api/config/initializers/assets.rb": [
        null,
        null,
        null,
        1,
        null,
        null,
        null,
        null,
        null,
        null,
        null
      ],
      "/Users/jaxom555/return-path-api/return-path-api/config/initializers/backtrace_silencers.rb": [
        null,
        null,
        null,
        null,
        null,
        null,
        null
      ],
      "/Users/jaxom555/return-path-api/return-path-api/config/initializers/cookies_serializer.rb": [
        null,
        null,
        null,
        null,
        1
      ],
      "/Users/jaxom555/return-path-api/return-path-api/config/initializers/filter_parameter_logging.rb": [
        null,
        null,
        null,
        1
      ],
      "/Users/jaxom555/return-path-api/return-path-api/config/initializers/inflections.rb": [
        null,
        null,
        null,
        null,
        null,
        null,
        null,
        null,
        null,
        null,
        null,
        null,
        null,
        null,
        null,
        null
      ],
      "/Users/jaxom555/return-path-api/return-path-api/config/initializers/mime_types.rb": [
        null,
        null,
        null,
        null
      ],
      "/Users/jaxom555/return-path-api/return-path-api/config/initializers/new_framework_defaults.rb": [
        null,
        null,
        null,
        null,
        null,
        null,
        null,
        1,
        null,
        null,
        1,
        null,
        null,
        null,
        1,
        null,
        null,
        1,
        null,
        null,
        1,
        null,
        null,
        1
      ],
      "/Users/jaxom555/return-path-api/return-path-api/config/initializers/session_store.rb": [
        null,
        null,
        1
      ],
      "/Users/jaxom555/return-path-api/return-path-api/config/initializers/wrap_parameters.rb": [
        null,
        null,
        null,
        null,
        null,
        null,
        1,
        2,
        null,
        null,
        null,
        null,
        null,
        null
      ],
      "/Users/jaxom555/return-path-api/return-path-api/app/helpers/application_helper.rb": [
        1,
        null
      ],
      "/Users/jaxom555/return-path-api/return-path-api/spec/factories/comments.rb": [
        1,
        1,
        1,
        1,
        null,
        1,
        1,
        3,
        7,
        null,
        null,
        null,
        null,
        null
      ],
      "/Users/jaxom555/return-path-api/return-path-api/spec/factories/links.rb": [
        1,
        1,
        1,
        1,
        null,
        null
      ],
      "/Users/jaxom555/return-path-api/return-path-api/spec/factories/votes.rb": [
        1,
        1,
        1,
        3,
        null,
        null
      ],
      "/Users/jaxom555/return-path-api/return-path-api/config/routes.rb": [
        1,
        1,
        null,
        1,
        1,
        1,
        1,
        1,
        1,
        1,
        null,
        null,
        null
      ],
      "/Users/jaxom555/return-path-api/return-path-api/app/models/comment.rb": [
        1,
        1,
        null,
        1,
        null,
        1,
        null,
        1,
        2,
        null,
        null,
        1,
        1,
        null,
        null
      ],
      "/Users/jaxom555/return-path-api/return-path-api/app/models/application_record.rb": [
        1,
        1,
        null
      ],
      "/Users/jaxom555/return-path-api/return-path-api/spec/models/link_spec.rb": [
        1,
        null,
        1,
        1,
        1,
        null,
        null,
        1,
        1,
        null,
        null,
        1,
        1,
        null,
        null
      ],
      "/Users/jaxom555/return-path-api/return-path-api/app/models/link.rb": [
        1,
        1,
        1,
        null,
        1,
        1,
        null,
        1,
        0,
        null,
        null,
        1,
        0,
        null,
        null,
        1,
        null,
        0,
        null,
        null
      ],
      "/Users/jaxom555/return-path-api/return-path-api/spec/models/vote_spec.rb": [
        1,
        null,
        1,
        1,
        1,
        null,
        null,
        1,
        1,
        null,
        null,
        1,
        1,
        1,
        1,
        null,
        null,
        1,
        1,
        1,
        1,
        null,
        null,
        1,
        1,
        1,
        1,
        null,
        null,
        1,
        1,
        null,
        null,
        1,
        1,
        null,
        null,
        1,
        1,
        null,
        null,
        1,
        1,
        1,
        null,
        null
      ],
      "/Users/jaxom555/return-path-api/return-path-api/app/models/vote.rb": [
        1,
        1,
        null,
        1,
        null,
        1,
        1,
        1,
        null,
        1,
        25,
        null,
        null,
        1,
        25,
        null,
        null
      ]
    },
    "timestamp": 1471670035
  }
}
